  street-fighter-02.cpp
D:\Damn U serious\Code\C++\G_dev\street-fighter-02\street-fighter-02.cpp(422,34): warning C4244: '=': conversion from 'const T' to 'int', possible loss of data
D:\Damn U serious\Code\C++\G_dev\street-fighter-02\street-fighter-02.cpp(422,34): warning C4244:         with
D:\Damn U serious\Code\C++\G_dev\street-fighter-02\street-fighter-02.cpp(422,34): warning C4244:         [
D:\Damn U serious\Code\C++\G_dev\street-fighter-02\street-fighter-02.cpp(422,34): warning C4244:             T=float
D:\Damn U serious\Code\C++\G_dev\street-fighter-02\street-fighter-02.cpp(422,34): warning C4244:         ]
D:\Damn U serious\Code\C++\G_dev\street-fighter-02\street-fighter-02.cpp(423,34): warning C4244: '=': conversion from 'const T' to 'int', possible loss of data
D:\Damn U serious\Code\C++\G_dev\street-fighter-02\street-fighter-02.cpp(423,34): warning C4244:         with
D:\Damn U serious\Code\C++\G_dev\street-fighter-02\street-fighter-02.cpp(423,34): warning C4244:         [
D:\Damn U serious\Code\C++\G_dev\street-fighter-02\street-fighter-02.cpp(423,34): warning C4244:             T=float
D:\Damn U serious\Code\C++\G_dev\street-fighter-02\street-fighter-02.cpp(423,34): warning C4244:         ]
D:\Damn U serious\Code\C++\G_dev\street-fighter-02\street-fighter-02.cpp(799,41): warning C4244: '=': conversion from 'sf::Int32' to 'float', possible loss of data
D:\Damn U serious\Code\C++\G_dev\street-fighter-02\street-fighter-02.cpp(894,57): warning C4244: 'argument': conversion from 'double' to 'float', possible loss of data
D:\Damn U serious\Code\C++\G_dev\street-fighter-02\street-fighter-02.cpp(895,49): warning C4244: '=': conversion from 'double' to 'float', possible loss of data
D:\Damn U serious\Code\C++\G_dev\street-fighter-02\street-fighter-02.cpp(902,57): warning C4244: 'argument': conversion from 'double' to 'float', possible loss of data
D:\Damn U serious\Code\C++\G_dev\street-fighter-02\street-fighter-02.cpp(903,49): warning C4244: '=': conversion from 'double' to 'float', possible loss of data
D:\Damn U serious\Code\C++\G_dev\street-fighter-02\street-fighter-02.cpp(976,51): warning C4244: 'argument': conversion from 'double' to 'float', possible loss of data
D:\Damn U serious\Code\C++\G_dev\street-fighter-02\street-fighter-02.cpp(977,49): warning C4244: '=': conversion from 'double' to 'float', possible loss of data
D:\Damn U serious\Code\C++\G_dev\street-fighter-02\street-fighter-02.cpp(985,51): warning C4244: 'argument': conversion from 'double' to 'float', possible loss of data
D:\Damn U serious\Code\C++\G_dev\street-fighter-02\street-fighter-02.cpp(986,49): warning C4244: '=': conversion from 'double' to 'float', possible loss of data
D:\Damn U serious\Code\C++\G_dev\street-fighter-02\street-fighter-02.cpp(715,6): warning C4101: 'pos_y_c': unreferenced local variable
D:\Damn U serious\Code\C++\G_dev\street-fighter-02\street-fighter-02.cpp(714,6): warning C4101: 'pos_x_c': unreferenced local variable
  street-fighter-02.vcxproj -> D:\Damn U serious\Code\C++\G_dev\street-fighter-02\Debug\street-fighter-02.exe
